This is pdfTeX, Version 3.1415926-2.5-1.40.14 (TeX Live 2013)
 restricted \write18 enabled.
entering extended mode
(./main.tex
LaTeX2e <2011/06/27>
Babel <3.9f> and hyphenation patterns for 78 languages loaded.
(/usr/local/texlive/2013/texmf-dist/tex/latex/base/article.cls
Document Class: article 2007/10/19 v1.4h Standard LaTeX document class
(/usr/local/texlive/2013/texmf-dist/tex/latex/base/size11.clo)) (./jheppub.sty
(/usr/local/texlive/2013/texmf-dist/tex/latex/amsmath/amsmath.sty
For additional information on amsmath, use the `?' option.
(/usr/local/texlive/2013/texmf-dist/tex/latex/amsmath/amstext.sty
(/usr/local/texlive/2013/texmf-dist/tex/latex/amsmath/amsgen.sty))
(/usr/local/texlive/2013/texmf-dist/tex/latex/amsmath/amsbsy.sty)
(/usr/local/texlive/2013/texmf-dist/tex/latex/amsmath/amsopn.sty))
(/usr/local/texlive/2013/texmf-dist/tex/latex/amsfonts/amssymb.sty
(/usr/local/texlive/2013/texmf-dist/tex/latex/amsfonts/amsfonts.sty))
(/usr/local/texlive/2013/texmf-dist/tex/latex/graphics/epsfig.sty
(/usr/local/texlive/2013/texmf-dist/tex/latex/graphics/graphicx.sty
(/usr/local/texlive/2013/texmf-dist/tex/latex/graphics/keyval.sty)
(/usr/local/texlive/2013/texmf-dist/tex/latex/graphics/graphics.sty
(/usr/local/texlive/2013/texmf-dist/tex/latex/graphics/trig.sty)
(/usr/local/texlive/2013/texmf-dist/tex/latex/latexconfig/graphics.cfg)
(/usr/local/texlive/2013/texmf-dist/tex/latex/graphics/dvips.def))))
(/usr/local/texlive/2013/texmf-dist/tex/latex/natbib/natbib.sty)
(/usr/local/texlive/2013/texmf-dist/tex/latex/graphics/color.sty
(/usr/local/texlive/2013/texmf-dist/tex/latex/latexconfig/color.cfg)
(/usr/local/texlive/2013/texmf-dist/tex/latex/graphics/dvipsnam.def))
(/usr/local/texlive/2013/texmf-dist/tex/latex/hyperref/hyperref.sty
(/usr/local/texlive/2013/texmf-dist/tex/generic/oberdiek/hobsub-hyperref.sty
(/usr/local/texlive/2013/texmf-dist/tex/generic/oberdiek/hobsub-generic.sty))
(/usr/local/texlive/2013/texmf-dist/tex/generic/ifxetex/ifxetex.sty)
(/usr/local/texlive/2013/texmf-dist/tex/latex/oberdiek/auxhook.sty)
(/usr/local/texlive/2013/texmf-dist/tex/latex/oberdiek/kvoptions.sty)
(/usr/local/texlive/2013/texmf-dist/tex/latex/hyperref/pd1enc.def)
(/usr/local/texlive/2013/texmf-dist/tex/latex/latexconfig/hyperref.cfg)

Package hyperref Warning: Option `pagecolor' is not available anymore.

(/usr/local/texlive/2013/texmf-dist/tex/latex/url/url.sty))

Package hyperref Message: Driver (default): hdvips.

(/usr/local/texlive/2013/texmf-dist/tex/latex/hyperref/hdvips.def
(/usr/local/texlive/2013/texmf-dist/tex/latex/hyperref/pdfmark.def
(/usr/local/texlive/2013/texmf-dist/tex/latex/oberdiek/rerunfilecheck.sty)))
(/usr/local/texlive/2013/texmf-dist/tex/latex/psnfss/ot1phv.fd))
(/usr/local/texlive/2013/texmf-dist/tex/latex/base/fontenc.sty
(/usr/local/texlive/2013/texmf-dist/tex/latex/base/t1enc.def))
(/usr/local/texlive/2013/texmf-dist/tex/latex/colortbl/colortbl.sty
(/usr/local/texlive/2013/texmf-dist/tex/latex/tools/array.sty))
No file main.aux.
(/usr/local/texlive/2013/texmf-dist/tex/latex/hyperref/nameref.sty
(/usr/local/texlive/2013/texmf-dist/tex/generic/oberdiek/gettitlestring.sty))

Package hyperref Warning: Rerun to get /PageLabels entry.

(/usr/local/texlive/2013/texmf-dist/tex/latex/base/t1cmss.fd) <logo.eps>

Package JHEP Warning: E-mails are missing.
(JHEP)                Plese use \emailAdd macro to provide e-mails..

(/usr/local/texlive/2013/texmf-dist/tex/latex/amsfonts/umsa.fd)
(/usr/local/texlive/2013/texmf-dist/tex/latex/amsfonts/umsb.fd)
Underfull \hbox (badness 10000) in paragraph at lines 38--38


Underfull \hbox (badness 10000) in paragraph at lines 38--38


Underfull \hbox (badness 10000) in paragraph at lines 38--38


Underfull \hbox (badness 10000) in paragraph at lines 38--38

[0] [1] (/usr/local/texlive/2013/texmf-dist/tex/latex/base/t1cmtt.fd)
Overfull \hbox (79.047pt too wide) in paragraph at lines 50--63
\T1/cmtt/m/n/10.95 ma5>import /-Users/-lb8075/-MG5_aMC_v2_1_2/-SM4T_8TeV/-Event
s/-run_01/-tag_1_pythia_events.hep.gz 

Underfull \hbox (badness 10000) in paragraph at lines 50--63

(/usr/local/texlive/2013/texmf-dist/tex/latex/base/omscmr.fd) [2]
Underfull \hbox (badness 10000) in paragraph at lines 90--90
[]|\T1/cmr/m/n/10.95 Cross sec-tion

Underfull \hbox (badness 10000) in paragraph at lines 90--91
[]|\T1/cmr/m/n/10.95 Negative wgts

Underfull \hbox (badness 10000) in paragraph at lines 92--92
[]|\T1/cmr/m/n/10.95 /-Users/-lb8075/-

Underfull \hbox (badness 10000) in paragraph at lines 92--92
\T1/cmr/m/n/10.95 MG5_aMC_v2_1_2/-

Underfull \hbox (badness 10000) in paragraph at lines 92--92
\T1/cmr/m/n/10.95 SM4T_8TeV/-

Underfull \hbox (badness 10000) in paragraph at lines 92--92
\T1/cmr/m/n/10.95 Events/-run_01/-
[3] (./main.aux)

Package rerunfilecheck Warning: File `main.out' has changed.
(rerunfilecheck)                Rerun to get outlines right
(rerunfilecheck)                or use package `bookmark'.

 )
(see the transcript file for additional information)
Output written on main.dvi (4 pages, 8528 bytes).
Transcript written on main.log.
This is pdfTeX, Version 3.1415926-2.5-1.40.14 (TeX Live 2013)
 restricted \write18 enabled.
entering extended mode
(./main.tex
LaTeX2e <2011/06/27>
Babel <3.9f> and hyphenation patterns for 78 languages loaded.
(/usr/local/texlive/2013/texmf-dist/tex/latex/base/article.cls
Document Class: article 2007/10/19 v1.4h Standard LaTeX document class
(/usr/local/texlive/2013/texmf-dist/tex/latex/base/size11.clo)) (./jheppub.sty
(/usr/local/texlive/2013/texmf-dist/tex/latex/amsmath/amsmath.sty
For additional information on amsmath, use the `?' option.
(/usr/local/texlive/2013/texmf-dist/tex/latex/amsmath/amstext.sty
(/usr/local/texlive/2013/texmf-dist/tex/latex/amsmath/amsgen.sty))
(/usr/local/texlive/2013/texmf-dist/tex/latex/amsmath/amsbsy.sty)
(/usr/local/texlive/2013/texmf-dist/tex/latex/amsmath/amsopn.sty))
(/usr/local/texlive/2013/texmf-dist/tex/latex/amsfonts/amssymb.sty
(/usr/local/texlive/2013/texmf-dist/tex/latex/amsfonts/amsfonts.sty))
(/usr/local/texlive/2013/texmf-dist/tex/latex/graphics/epsfig.sty
(/usr/local/texlive/2013/texmf-dist/tex/latex/graphics/graphicx.sty
(/usr/local/texlive/2013/texmf-dist/tex/latex/graphics/keyval.sty)
(/usr/local/texlive/2013/texmf-dist/tex/latex/graphics/graphics.sty
(/usr/local/texlive/2013/texmf-dist/tex/latex/graphics/trig.sty)
(/usr/local/texlive/2013/texmf-dist/tex/latex/latexconfig/graphics.cfg)
(/usr/local/texlive/2013/texmf-dist/tex/latex/graphics/dvips.def))))
(/usr/local/texlive/2013/texmf-dist/tex/latex/natbib/natbib.sty)
(/usr/local/texlive/2013/texmf-dist/tex/latex/graphics/color.sty
(/usr/local/texlive/2013/texmf-dist/tex/latex/latexconfig/color.cfg)
(/usr/local/texlive/2013/texmf-dist/tex/latex/graphics/dvipsnam.def))
(/usr/local/texlive/2013/texmf-dist/tex/latex/hyperref/hyperref.sty
(/usr/local/texlive/2013/texmf-dist/tex/generic/oberdiek/hobsub-hyperref.sty
(/usr/local/texlive/2013/texmf-dist/tex/generic/oberdiek/hobsub-generic.sty))
(/usr/local/texlive/2013/texmf-dist/tex/generic/ifxetex/ifxetex.sty)
(/usr/local/texlive/2013/texmf-dist/tex/latex/oberdiek/auxhook.sty)
(/usr/local/texlive/2013/texmf-dist/tex/latex/oberdiek/kvoptions.sty)
(/usr/local/texlive/2013/texmf-dist/tex/latex/hyperref/pd1enc.def)
(/usr/local/texlive/2013/texmf-dist/tex/latex/latexconfig/hyperref.cfg)

Package hyperref Warning: Option `pagecolor' is not available anymore.

(/usr/local/texlive/2013/texmf-dist/tex/latex/url/url.sty))

Package hyperref Message: Driver (default): hdvips.

(/usr/local/texlive/2013/texmf-dist/tex/latex/hyperref/hdvips.def
(/usr/local/texlive/2013/texmf-dist/tex/latex/hyperref/pdfmark.def
(/usr/local/texlive/2013/texmf-dist/tex/latex/oberdiek/rerunfilecheck.sty)))
(/usr/local/texlive/2013/texmf-dist/tex/latex/psnfss/ot1phv.fd))
(/usr/local/texlive/2013/texmf-dist/tex/latex/base/fontenc.sty
(/usr/local/texlive/2013/texmf-dist/tex/latex/base/t1enc.def))
(/usr/local/texlive/2013/texmf-dist/tex/latex/colortbl/colortbl.sty
(/usr/local/texlive/2013/texmf-dist/tex/latex/tools/array.sty)) (./main.aux)
(/usr/local/texlive/2013/texmf-dist/tex/latex/hyperref/nameref.sty
(/usr/local/texlive/2013/texmf-dist/tex/generic/oberdiek/gettitlestring.sty))
(./main.out) (./main.out)
(/usr/local/texlive/2013/texmf-dist/tex/latex/base/t1cmss.fd) <logo.eps>

Package JHEP Warning: E-mails are missing.
(JHEP)                Plese use \emailAdd macro to provide e-mails..

(/usr/local/texlive/2013/texmf-dist/tex/latex/amsfonts/umsa.fd)
(/usr/local/texlive/2013/texmf-dist/tex/latex/amsfonts/umsb.fd)
Underfull \hbox (badness 10000) in paragraph at lines 38--38


Underfull \hbox (badness 10000) in paragraph at lines 38--38


Underfull \hbox (badness 10000) in paragraph at lines 38--38


Underfull \hbox (badness 10000) in paragraph at lines 38--38

[0] (./main.toc) [1]
(/usr/local/texlive/2013/texmf-dist/tex/latex/base/t1cmtt.fd)
Overfull \hbox (79.047pt too wide) in paragraph at lines 50--63
\T1/cmtt/m/n/10.95 ma5>import /-Users/-lb8075/-MG5_aMC_v2_1_2/-SM4T_8TeV/-Event
s/-run_01/-tag_1_pythia_events.hep.gz 

Underfull \hbox (badness 10000) in paragraph at lines 50--63

(/usr/local/texlive/2013/texmf-dist/tex/latex/base/omscmr.fd) [2]
Underfull \hbox (badness 10000) in paragraph at lines 90--90
[]|\T1/cmr/m/n/10.95 Cross sec-tion

Underfull \hbox (badness 10000) in paragraph at lines 90--91
[]|\T1/cmr/m/n/10.95 Negative wgts

Underfull \hbox (badness 10000) in paragraph at lines 92--92
[]|\T1/cmr/m/n/10.95 /-Users/-lb8075/-

Underfull \hbox (badness 10000) in paragraph at lines 92--92
\T1/cmr/m/n/10.95 MG5_aMC_v2_1_2/-

Underfull \hbox (badness 10000) in paragraph at lines 92--92
\T1/cmr/m/n/10.95 SM4T_8TeV/-

Underfull \hbox (badness 10000) in paragraph at lines 92--92
\T1/cmr/m/n/10.95 Events/-run_01/-
[3] (./main.aux) )
(see the transcript file for additional information)
Output written on main.dvi (4 pages, 10432 bytes).
Transcript written on main.log.
