checking for a BSD-compatible install... /usr/bin/install -c
checking whether build environment is sane... yes
checking for a thread-safe mkdir -p... ./install-sh -c -d
checking for gawk... no
checking for mawk... no
checking for nawk... no
checking for awk... awk
checking whether make sets $(MAKE)... yes
checking how to create a ustar tar archive... gnutar
checking for style of include used by make... GNU
checking for gcc... gcc
checking for C compiler default output file name... a.out
checking whether the C compiler works... yes
checking whether we are cross compiling... no
checking for suffix of executables... 
checking for suffix of object files... o
checking whether we are using the GNU C compiler... yes
checking whether gcc accepts -g... yes
checking for gcc option to accept ISO C89... none needed
checking dependency style of gcc... gcc3
checking how to run the C preprocessor... gcc -E
checking for grep that handles long lines and -e... /usr/bin/grep
checking for egrep... /usr/bin/grep -E
checking for ANSI C header files... yes
checking for sys/types.h... yes
checking for sys/stat.h... yes
checking for stdlib.h... yes
checking for string.h... yes
checking for memory.h... yes
checking for strings.h... yes
checking for inttypes.h... yes
checking for stdint.h... yes
checking for unistd.h... yes
checking for int... yes
checking for long... yes
checking for g++... g++
checking whether we are using the GNU C++ compiler... yes
checking whether g++ accepts -g... yes
checking dependency style of g++... gcc3
checking for g++... yes
checking for a BSD-compatible install... /usr/bin/install -c
checking whether ln -s works... yes
checking for a sed that does not truncate output... /usr/bin/sed
checking whether make sets $(MAKE)... (cached) yes
checking for ANSI C header files... (cached) yes
checking if g++ supports -Woverloaded-virtual flag... yes
checking execinfo.h usability... yes
checking execinfo.h presence... yes
checking for execinfo.h... yes
checking for cos in -lm... yes
checking if g++ supports -Wl,--enable-new-dtags flag... no
checking whether to build all plugins... not set
checking whether to build all CXX plugins... not set
checking whether to build plugin SISCone... yes
checking whether to build plugin CDFCones... yes
checking whether to build plugin PxCone... no
checking whether to build plugin D0RunIICone... no
checking whether to build plugin NestedDefs... yes
checking whether to build plugin TrackJet... no
checking whether to build plugin ATLASCone... no
checking whether to build plugin CMSIterativeCone... no
checking whether to build plugin EECambridge... yes
checking whether to build plugin Jade... yes
checking whether to build plugin D0RunICone... no
checking whether to build plugin GridJet... yes
checking build system type... x86_64-apple-darwin13.3.0
checking host system type... x86_64-apple-darwin13.3.0
checking for a sed that does not truncate output... (cached) /usr/bin/sed
checking for fgrep... /usr/bin/grep -F
checking for ld used by gcc... /Applications/Xcode.app/Contents/Developer/Toolchains/XcodeDefault.xctoolchain/usr/bin/ld
checking if the linker (/Applications/Xcode.app/Contents/Developer/Toolchains/XcodeDefault.xctoolchain/usr/bin/ld) is GNU ld... no
checking for BSD- or MS-compatible name lister (nm)... /usr/bin/nm
checking the name lister (/usr/bin/nm) interface... BSD nm
checking the maximum length of command line arguments... 196608
checking whether the shell understands some XSI constructs... yes
checking whether the shell understands "+="... yes
checking for /Applications/Xcode.app/Contents/Developer/Toolchains/XcodeDefault.xctoolchain/usr/bin/ld option to reload object files... -r
checking for objdump... no
checking how to recognize dependent libraries... pass_all
checking for ar... ar
checking for strip... strip
checking for ranlib... ranlib
checking command to parse /usr/bin/nm output from gcc object... ok
checking for dsymutil... dsymutil
checking for nmedit... nmedit
checking for lipo... lipo
checking for otool... otool
checking for otool64... no
checking for -single_module linker flag... yes
checking for -exported_symbols_list linker flag... yes
checking for dlfcn.h... yes
checking whether we are using the GNU C++ compiler... (cached) yes
checking whether g++ accepts -g... (cached) yes
checking dependency style of g++... (cached) gcc3
checking how to run the C++ preprocessor... g++ -E
checking for objdir... .libs
checking if gcc supports -fno-rtti -fno-exceptions... yes
checking for gcc option to produce PIC... -fno-common -DPIC
checking if gcc PIC flag -fno-common -DPIC works... yes
checking if gcc static flag -static works... no
checking if gcc supports -c -o file.o... yes
checking if gcc supports -c -o file.o... (cached) yes
checking whether the gcc linker (/Applications/Xcode.app/Contents/Developer/Toolchains/XcodeDefault.xctoolchain/usr/bin/ld) supports shared libraries... yes
checking dynamic linker characteristics... darwin13.3.0 dyld
checking how to hardcode library paths into programs... immediate
checking whether stripping libraries is possible... yes
checking if libtool supports shared libraries... yes
checking whether to build shared libraries... yes
checking whether to build static libraries... yes
checking for ld used by g++... /Applications/Xcode.app/Contents/Developer/Toolchains/XcodeDefault.xctoolchain/usr/bin/ld
checking if the linker (/Applications/Xcode.app/Contents/Developer/Toolchains/XcodeDefault.xctoolchain/usr/bin/ld) is GNU ld... no
checking whether the g++ linker (/Applications/Xcode.app/Contents/Developer/Toolchains/XcodeDefault.xctoolchain/usr/bin/ld) supports shared libraries... yes
checking for g++ option to produce PIC... -fno-common -DPIC
checking if g++ PIC flag -fno-common -DPIC works... yes
checking if g++ static flag -static works... no
checking if g++ supports -c -o file.o... yes
checking if g++ supports -c -o file.o... (cached) yes
checking whether the g++ linker (/Applications/Xcode.app/Contents/Developer/Toolchains/XcodeDefault.xctoolchain/usr/bin/ld) supports shared libraries... yes
checking dynamic linker characteristics... darwin13.3.0 dyld
checking how to hardcode library paths into programs... immediate
configure: creating ./config.status
config.status: creating plugins/Makefile
config.status: creating plugins/SISCone/Makefile
config.status: creating plugins/SISCone/fastjet/Makefile
config.status: creating plugins/CDFCones/Makefile
config.status: creating plugins/CDFCones/fastjet/Makefile
config.status: creating plugins/CDFCones/CDFcode/Makefile
config.status: creating plugins/PxCone/Makefile
config.status: creating plugins/PxCone/fastjet/Makefile
config.status: creating plugins/D0RunIICone/Makefile
config.status: creating plugins/D0RunIICone/fastjet/Makefile
config.status: creating plugins/NestedDefs/Makefile
config.status: creating plugins/NestedDefs/fastjet/Makefile
config.status: creating plugins/TrackJet/Makefile
config.status: creating plugins/TrackJet/fastjet/Makefile
config.status: creating plugins/ATLASCone/Makefile
config.status: creating plugins/ATLASCone/fastjet/Makefile
config.status: creating plugins/CMSIterativeCone/Makefile
config.status: creating plugins/CMSIterativeCone/fastjet/Makefile
config.status: creating plugins/EECambridge/Makefile
config.status: creating plugins/EECambridge/fastjet/Makefile
config.status: creating plugins/Jade/Makefile
config.status: creating plugins/Jade/fastjet/Makefile
config.status: creating plugins/D0RunICone/Makefile
config.status: creating plugins/D0RunICone/fastjet/Makefile
config.status: creating plugins/GridJet/Makefile
config.status: creating plugins/GridJet/fastjet/Makefile
config.status: creating tools/Makefile
config.status: creating tools/fastjet/Makefile
config.status: creating tools/fastjet/tools/Makefile
config.status: creating example/Makefile
config.status: creating example/data/Makefile
config.status: creating example/root/Makefile
config.status: creating doc/Makefile
config.status: creating doc/figs/Makefile
config.status: creating fastjet-config
config.status: creating fortran_wrapper/Makefile
config.status: creating Makefile
config.status: creating src/Makefile
config.status: creating include/Makefile
config.status: creating include/fastjet/Makefile
config.status: creating include/fastjet/internal/Makefile
config.status: creating include/fastjet/config_raw.h
config.status: executing include/fastjet/config_auto.h commands
config.status: creating include/fastjet/config_auto.h - prefix FASTJET for include/fastjet/config_raw.h defines
config.status: executing depfiles commands
config.status: executing libtool commands
=== configuring in plugins/SISCone/siscone (/private/var/folders/qv/xn04b6354qx9_59v0stx4hpm0000gq/T/MA5_fastjet/fastjet-3.0.6/plugins/SISCone/siscone)
configure: running /bin/sh ./configure --disable-option-checking '--prefix=/Users/lb8075/madanalysis5/tools/fastjet'  --cache-file=/dev/null --srcdir=.
checking for a BSD-compatible install... /usr/bin/install -c
checking whether build environment is sane... yes
checking for a thread-safe mkdir -p... ./install-sh -c -d
checking for gawk... no
checking for mawk... no
checking for nawk... no
checking for awk... awk
checking whether make sets $(MAKE)... yes
checking for style of include used by make... GNU
checking for gcc... gcc
checking for C compiler default output file name... a.out
checking whether the C compiler works... yes
checking whether we are cross compiling... no
checking for suffix of executables... 
checking for suffix of object files... o
checking whether we are using the GNU C compiler... yes
checking whether gcc accepts -g... yes
checking for gcc option to accept ISO C89... none needed
checking dependency style of gcc... gcc3
checking how to run the C preprocessor... gcc -E
checking for grep that handles long lines and -e... /usr/bin/grep
checking for egrep... /usr/bin/grep -E
checking for ANSI C header files... yes
checking for sys/types.h... yes
checking for sys/stat.h... yes
checking for stdlib.h... yes
checking for string.h... yes
checking for memory.h... yes
checking for strings.h... yes
checking for inttypes.h... yes
checking for stdint.h... yes
checking for unistd.h... yes
checking for int... yes
checking for long... yes
checking for g++... g++
checking whether we are using the GNU C++ compiler... yes
checking whether g++ accepts -g... yes
checking dependency style of g++... gcc3
checking for a BSD-compatible install... /usr/bin/install -c
checking whether ln -s works... yes
checking whether make sets $(MAKE)... (cached) yes
checking for ANSI C header files... (cached) yes
checking for cos in -lm... yes
checking build system type... x86_64-apple-darwin13.3.0
checking host system type... x86_64-apple-darwin13.3.0
checking for a sed that does not truncate output... /usr/bin/sed
checking for fgrep... /usr/bin/grep -F
checking for ld used by gcc... /Applications/Xcode.app/Contents/Developer/Toolchains/XcodeDefault.xctoolchain/usr/bin/ld
checking if the linker (/Applications/Xcode.app/Contents/Developer/Toolchains/XcodeDefault.xctoolchain/usr/bin/ld) is GNU ld... no
checking for BSD- or MS-compatible name lister (nm)... /usr/bin/nm
checking the name lister (/usr/bin/nm) interface... BSD nm
checking the maximum length of command line arguments... 196608
checking whether the shell understands some XSI constructs... yes
checking whether the shell understands "+="... yes
checking for /Applications/Xcode.app/Contents/Developer/Toolchains/XcodeDefault.xctoolchain/usr/bin/ld option to reload object files... -r
checking for objdump... no
checking how to recognize dependent libraries... pass_all
checking for ar... ar
checking for strip... strip
checking for ranlib... ranlib
checking command to parse /usr/bin/nm output from gcc object... ok
checking for dsymutil... dsymutil
checking for nmedit... nmedit
checking for lipo... lipo
checking for otool... otool
checking for otool64... no
checking for -single_module linker flag... yes
checking for -exported_symbols_list linker flag... yes
checking for dlfcn.h... yes
checking whether we are using the GNU C++ compiler... (cached) yes
checking whether g++ accepts -g... (cached) yes
checking dependency style of g++... (cached) gcc3
checking how to run the C++ preprocessor... g++ -E
checking for objdir... .libs
checking if gcc supports -fno-rtti -fno-exceptions... yes
checking for gcc option to produce PIC... -fno-common -DPIC
checking if gcc PIC flag -fno-common -DPIC works... yes
checking if gcc static flag -static works... no
checking if gcc supports -c -o file.o... yes
checking if gcc supports -c -o file.o... (cached) yes
checking whether the gcc linker (/Applications/Xcode.app/Contents/Developer/Toolchains/XcodeDefault.xctoolchain/usr/bin/ld) supports shared libraries... yes
checking dynamic linker characteristics... darwin13.3.0 dyld
checking how to hardcode library paths into programs... immediate
checking whether stripping libraries is possible... yes
checking if libtool supports shared libraries... yes
checking whether to build shared libraries... yes
checking whether to build static libraries... yes
checking for ld used by g++... /Applications/Xcode.app/Contents/Developer/Toolchains/XcodeDefault.xctoolchain/usr/bin/ld
checking if the linker (/Applications/Xcode.app/Contents/Developer/Toolchains/XcodeDefault.xctoolchain/usr/bin/ld) is GNU ld... no
checking whether the g++ linker (/Applications/Xcode.app/Contents/Developer/Toolchains/XcodeDefault.xctoolchain/usr/bin/ld) supports shared libraries... yes
checking for g++ option to produce PIC... -fno-common -DPIC
checking if g++ PIC flag -fno-common -DPIC works... yes
checking if g++ static flag -static works... no
checking if g++ supports -c -o file.o... yes
checking if g++ supports -c -o file.o... (cached) yes
checking whether the g++ linker (/Applications/Xcode.app/Contents/Developer/Toolchains/XcodeDefault.xctoolchain/usr/bin/ld) supports shared libraries... yes
checking dynamic linker characteristics... darwin13.3.0 dyld
checking how to hardcode library paths into programs... immediate
configure: creating ./config.status
config.status: creating Makefile
config.status: creating siscone/Makefile
config.status: creating siscone/spherical/Makefile
config.status: creating examples/Makefile
config.status: creating examples/events/Makefile
config.status: creating siscone/config.h
config.status: executing depfiles commands
config.status: executing libtool commands
Configuration summary:
----------------------
  Installation directory     /Users/lb8075/madanalysis5/tools/fastjet
  Shared libraries           yes
  Static libraries           yes
  Debug flag                 yes
  CGAL support               no
  Plugins: EECambridge       yes
           Jade              yes
           NestedDefs        yes
           SISCone           yes
           CDFCones          yes
           D0RunICone        no
           D0RunIICone       no
           ATLASCone         no
           CMSIterativeCone  no
           PxCone            no
           TrackJet          no
           GridJet           yes
  Monolithic plugins lib     yes
---------------------------------------------------
        IMPORTANT NOTICE TO FASTJET USERS          
                                                   
 When using the FastJet library, you can retrieve  
 compilation and link flags using fastjet-config.  
 Type 'fastjet-config --help' for more information 
---------------------------------------------------
