Making install in src
test -z "/Users/lb8075/madanalysis5/tools/fastjet/lib" || .././install-sh -c -d "/Users/lb8075/madanalysis5/tools/fastjet/lib"
 /bin/sh ../libtool   --mode=install /usr/bin/install -c   libfastjet.la '/Users/lb8075/madanalysis5/tools/fastjet/lib'
libtool: install: /usr/bin/install -c .libs/libfastjet.0.dylib /Users/lb8075/madanalysis5/tools/fastjet/lib/libfastjet.0.dylib
libtool: install: (cd /Users/lb8075/madanalysis5/tools/fastjet/lib && { ln -s -f libfastjet.0.dylib libfastjet.dylib || { rm -f libfastjet.dylib && ln -s libfastjet.0.dylib libfastjet.dylib; }; })
libtool: install: /usr/bin/install -c .libs/libfastjet.lai /Users/lb8075/madanalysis5/tools/fastjet/lib/libfastjet.la
libtool: install: /usr/bin/install -c .libs/libfastjet.a /Users/lb8075/madanalysis5/tools/fastjet/lib/libfastjet.a
libtool: install: chmod 644 /Users/lb8075/madanalysis5/tools/fastjet/lib/libfastjet.a
libtool: install: ranlib /Users/lb8075/madanalysis5/tools/fastjet/lib/libfastjet.a
/Applications/Xcode.app/Contents/Developer/Toolchains/XcodeDefault.xctoolchain/usr/bin/ranlib: file: /Users/lb8075/madanalysis5/tools/fastjet/lib/libfastjet.a(libfastjet_la-DnnPlane.o) has no symbols
/Applications/Xcode.app/Contents/Developer/Toolchains/XcodeDefault.xctoolchain/usr/bin/ranlib: file: /Users/lb8075/madanalysis5/tools/fastjet/lib/libfastjet.a(libfastjet_la-Dnn4piCylinder.o) has no symbols
/Applications/Xcode.app/Contents/Developer/Toolchains/XcodeDefault.xctoolchain/usr/bin/ranlib: file: /Users/lb8075/madanalysis5/tools/fastjet/lib/libfastjet.a(libfastjet_la-Dnn3piCylinder.o) has no symbols
/Applications/Xcode.app/Contents/Developer/Toolchains/XcodeDefault.xctoolchain/usr/bin/ranlib: file: /Users/lb8075/madanalysis5/tools/fastjet/lib/libfastjet.a(libfastjet_la-Dnn2piCylinder.o) has no symbols
/Applications/Xcode.app/Contents/Developer/Toolchains/XcodeDefault.xctoolchain/usr/bin/ranlib: file: /Users/lb8075/madanalysis5/tools/fastjet/lib/libfastjet.a(libfastjet_la-FunctionOfPseudoJet.o) has no symbols
----------------------------------------------------------------------
Libraries have been installed in:
   /Users/lb8075/madanalysis5/tools/fastjet/lib

If you ever happen to want to link against installed libraries
in a given directory, LIBDIR, you must either use libtool, and
specify the full pathname of the library, or use the `-LLIBDIR'
flag during linking and do at least one of the following:
   - add LIBDIR to the `DYLD_LIBRARY_PATH' environment variable
     during execution

See any operating system documentation about shared libraries for
more information, such as the ld(1) and ld.so(8) manual pages.
----------------------------------------------------------------------
make[2]: Nothing to be done for `install-data-am'.
Making install in include
Making install in .
make[3]: Nothing to be done for `install-exec-am'.
make[3]: Nothing to be done for `install-data-am'.
Making install in fastjet
Making install in internal
make[4]: Nothing to be done for `install-exec-am'.
test -z "/Users/lb8075/madanalysis5/tools/fastjet/include/fastjet/internal" || ../../.././install-sh -c -d "/Users/lb8075/madanalysis5/tools/fastjet/include/fastjet/internal"
 /usr/bin/install -c -m 644 base.hh ClosestPair2DBase.hh Dnn2piCylinder.hh Dnn4piCylinder.hh DynamicNearestNeighbours.hh numconsts.hh Triangulation.hh BasicRandom.hh ClosestPair2D.hh Dnn3piCylinder.hh DnnPlane.hh LimitedWarning.hh MinHeap.hh SearchTree.hh Voronoi.hh IsBase.hh '/Users/lb8075/madanalysis5/tools/fastjet/include/fastjet/internal'
make[4]: Nothing to be done for `install-exec-am'.
test -z "/Users/lb8075/madanalysis5/tools/fastjet/include/fastjet" || ../.././install-sh -c -d "/Users/lb8075/madanalysis5/tools/fastjet/include/fastjet"
 /usr/bin/install -c -m 644 JetDefinition.hh PseudoJetStructureBase.hh ClusterSequenceStructure.hh PseudoJet.hh ClusterSequence.hh Error.hh RangeDefinition.hh CircularRange.hh version.hh AreaDefinition.hh ActiveAreaSpec.hh GhostedAreaSpec.hh ClusterSequenceAreaBase.hh ClusterSequenceArea.hh ClusterSequenceWithArea.hh ClusterSequenceActiveArea.hh ClusterSequenceActiveAreaExplicitGhosts.hh ClusterSequence1GhostPassiveArea.hh ClusterSequencePassiveArea.hh ClusterSequenceVoronoiArea.hh NNH.hh SharedPtr.hh FunctionOfPseudoJet.hh Selector.hh CompositeJetStructure.hh WrappedStructure.hh LimitedWarning.hh config.h '/Users/lb8075/madanalysis5/tools/fastjet/include/fastjet'
test -z "/Users/lb8075/madanalysis5/tools/fastjet/include/fastjet" || ../.././install-sh -c -d "/Users/lb8075/madanalysis5/tools/fastjet/include/fastjet"
 /usr/bin/install -c -m 644 config_auto.h '/Users/lb8075/madanalysis5/tools/fastjet/include/fastjet'
Making install in plugins
Making install in SISCone
Making install in siscone
Making install in siscone
Making install in .
test -z "/Users/lb8075/madanalysis5/tools/fastjet/lib" || .././install-sh -c -d "/Users/lb8075/madanalysis5/tools/fastjet/lib"
 /bin/sh ../libtool   --mode=install /usr/bin/install -c   libsiscone.la '/Users/lb8075/madanalysis5/tools/fastjet/lib'
libtool: install: /usr/bin/install -c .libs/libsiscone.0.dylib /Users/lb8075/madanalysis5/tools/fastjet/lib/libsiscone.0.dylib
libtool: install: (cd /Users/lb8075/madanalysis5/tools/fastjet/lib && { ln -s -f libsiscone.0.dylib libsiscone.dylib || { rm -f libsiscone.dylib && ln -s libsiscone.0.dylib libsiscone.dylib; }; })
libtool: install: /usr/bin/install -c .libs/libsiscone.lai /Users/lb8075/madanalysis5/tools/fastjet/lib/libsiscone.la
libtool: install: /usr/bin/install -c .libs/libsiscone.a /Users/lb8075/madanalysis5/tools/fastjet/lib/libsiscone.a
libtool: install: chmod 644 /Users/lb8075/madanalysis5/tools/fastjet/lib/libsiscone.a
libtool: install: ranlib /Users/lb8075/madanalysis5/tools/fastjet/lib/libsiscone.a
----------------------------------------------------------------------
Libraries have been installed in:
   /Users/lb8075/madanalysis5/tools/fastjet/lib

If you ever happen to want to link against installed libraries
in a given directory, LIBDIR, you must either use libtool, and
specify the full pathname of the library, or use the `-LLIBDIR'
flag during linking and do at least one of the following:
   - add LIBDIR to the `DYLD_LIBRARY_PATH' environment variable
     during execution

See any operating system documentation about shared libraries for
more information, such as the ld(1) and ld.so(8) manual pages.
----------------------------------------------------------------------
test -z "/Users/lb8075/madanalysis5/tools/fastjet/include/siscone" || .././install-sh -c -d "/Users/lb8075/madanalysis5/tools/fastjet/include/siscone"
 /usr/bin/install -c -m 644 area.h circulator.h defines.h geom_2d.h hash.h momentum.h protocones.h quadtree.h ranlux.h reference.h siscone_error.h siscone.h split_merge.h vicinity.h '/Users/lb8075/madanalysis5/tools/fastjet/include/siscone'
Making install in spherical
test -z "/Users/lb8075/madanalysis5/tools/fastjet/lib" || ../.././install-sh -c -d "/Users/lb8075/madanalysis5/tools/fastjet/lib"
 /bin/sh ../../libtool   --mode=install /usr/bin/install -c   libsiscone_spherical.la '/Users/lb8075/madanalysis5/tools/fastjet/lib'
libtool: install: /usr/bin/install -c .libs/libsiscone_spherical.0.dylib /Users/lb8075/madanalysis5/tools/fastjet/lib/libsiscone_spherical.0.dylib
libtool: install: (cd /Users/lb8075/madanalysis5/tools/fastjet/lib && { ln -s -f libsiscone_spherical.0.dylib libsiscone_spherical.dylib || { rm -f libsiscone_spherical.dylib && ln -s libsiscone_spherical.0.dylib libsiscone_spherical.dylib; }; })
libtool: install: /usr/bin/install -c .libs/libsiscone_spherical.lai /Users/lb8075/madanalysis5/tools/fastjet/lib/libsiscone_spherical.la
libtool: install: /usr/bin/install -c .libs/libsiscone_spherical.a /Users/lb8075/madanalysis5/tools/fastjet/lib/libsiscone_spherical.a
libtool: install: chmod 644 /Users/lb8075/madanalysis5/tools/fastjet/lib/libsiscone_spherical.a
libtool: install: ranlib /Users/lb8075/madanalysis5/tools/fastjet/lib/libsiscone_spherical.a
----------------------------------------------------------------------
Libraries have been installed in:
   /Users/lb8075/madanalysis5/tools/fastjet/lib

If you ever happen to want to link against installed libraries
in a given directory, LIBDIR, you must either use libtool, and
specify the full pathname of the library, or use the `-LLIBDIR'
flag during linking and do at least one of the following:
   - add LIBDIR to the `DYLD_LIBRARY_PATH' environment variable
     during execution

See any operating system documentation about shared libraries for
more information, such as the ld(1) and ld.so(8) manual pages.
----------------------------------------------------------------------
test -z "/Users/lb8075/madanalysis5/tools/fastjet/include/siscone/spherical" || ../.././install-sh -c -d "/Users/lb8075/madanalysis5/tools/fastjet/include/siscone/spherical"
 /usr/bin/install -c -m 644 geom_2d.h hash.h momentum.h protocones.h siscone.h split_merge.h vicinity.h '/Users/lb8075/madanalysis5/tools/fastjet/include/siscone/spherical'
Making install in examples
Making install in events
make[6]: Nothing to be done for `install-exec-am'.
make[6]: Nothing to be done for `install-data-am'.
make[6]: Nothing to be done for `install-exec-am'.
make[6]: Nothing to be done for `install-data-am'.
make[5]: Nothing to be done for `install-exec-am'.
make[5]: Nothing to be done for `install-data-am'.
Making install in fastjet
make[4]: Nothing to be done for `install-exec-am'.
test -z "/Users/lb8075/madanalysis5/tools/fastjet/include/fastjet" || ../../.././install-sh -c -d "/Users/lb8075/madanalysis5/tools/fastjet/include/fastjet"
 /usr/bin/install -c -m 644 SISConeBasePlugin.hh SISConePlugin.hh SISConeSphericalPlugin.hh '/Users/lb8075/madanalysis5/tools/fastjet/include/fastjet'
Making install in .
test -z "/Users/lb8075/madanalysis5/tools/fastjet/lib" || ../.././install-sh -c -d "/Users/lb8075/madanalysis5/tools/fastjet/lib"
make[4]: Nothing to be done for `install-data-am'.
Making install in CDFCones
Making install in CDFcode
make[4]: Nothing to be done for `install-exec-am'.
make[4]: Nothing to be done for `install-data-am'.
Making install in fastjet
make[4]: Nothing to be done for `install-exec-am'.
test -z "/Users/lb8075/madanalysis5/tools/fastjet/include/fastjet" || ../../.././install-sh -c -d "/Users/lb8075/madanalysis5/tools/fastjet/include/fastjet"
 /usr/bin/install -c -m 644 CDFMidPointPlugin.hh CDFJetCluPlugin.hh '/Users/lb8075/madanalysis5/tools/fastjet/include/fastjet'
Making install in .
test -z "/Users/lb8075/madanalysis5/tools/fastjet/lib" || ../.././install-sh -c -d "/Users/lb8075/madanalysis5/tools/fastjet/lib"
make[4]: Nothing to be done for `install-data-am'.
Making install in NestedDefs
Making install in fastjet
make[4]: Nothing to be done for `install-exec-am'.
test -z "/Users/lb8075/madanalysis5/tools/fastjet/include/fastjet" || ../../.././install-sh -c -d "/Users/lb8075/madanalysis5/tools/fastjet/include/fastjet"
 /usr/bin/install -c -m 644 NestedDefsPlugin.hh '/Users/lb8075/madanalysis5/tools/fastjet/include/fastjet'
Making install in .
test -z "/Users/lb8075/madanalysis5/tools/fastjet/lib" || ../.././install-sh -c -d "/Users/lb8075/madanalysis5/tools/fastjet/lib"
make[4]: Nothing to be done for `install-data-am'.
Making install in EECambridge
Making install in fastjet
make[4]: Nothing to be done for `install-exec-am'.
test -z "/Users/lb8075/madanalysis5/tools/fastjet/include/fastjet" || ../../.././install-sh -c -d "/Users/lb8075/madanalysis5/tools/fastjet/include/fastjet"
 /usr/bin/install -c -m 644 EECambridgePlugin.hh '/Users/lb8075/madanalysis5/tools/fastjet/include/fastjet'
Making install in .
test -z "/Users/lb8075/madanalysis5/tools/fastjet/lib" || ../.././install-sh -c -d "/Users/lb8075/madanalysis5/tools/fastjet/lib"
make[4]: Nothing to be done for `install-data-am'.
Making install in Jade
Making install in fastjet
make[4]: Nothing to be done for `install-exec-am'.
test -z "/Users/lb8075/madanalysis5/tools/fastjet/include/fastjet" || ../../.././install-sh -c -d "/Users/lb8075/madanalysis5/tools/fastjet/include/fastjet"
 /usr/bin/install -c -m 644 JadePlugin.hh '/Users/lb8075/madanalysis5/tools/fastjet/include/fastjet'
Making install in .
test -z "/Users/lb8075/madanalysis5/tools/fastjet/lib" || ../.././install-sh -c -d "/Users/lb8075/madanalysis5/tools/fastjet/lib"
make[4]: Nothing to be done for `install-data-am'.
Making install in GridJet
Making install in fastjet
make[4]: Nothing to be done for `install-exec-am'.
test -z "/Users/lb8075/madanalysis5/tools/fastjet/include/fastjet" || ../../.././install-sh -c -d "/Users/lb8075/madanalysis5/tools/fastjet/include/fastjet"
 /usr/bin/install -c -m 644 GridJetPlugin.hh '/Users/lb8075/madanalysis5/tools/fastjet/include/fastjet'
Making install in .
test -z "/Users/lb8075/madanalysis5/tools/fastjet/lib" || ../.././install-sh -c -d "/Users/lb8075/madanalysis5/tools/fastjet/lib"
make[4]: Nothing to be done for `install-data-am'.
Making install in .
test -z "/Users/lb8075/madanalysis5/tools/fastjet/lib" || .././install-sh -c -d "/Users/lb8075/madanalysis5/tools/fastjet/lib"
 /bin/sh ../libtool   --mode=install /usr/bin/install -c   libfastjetplugins.la '/Users/lb8075/madanalysis5/tools/fastjet/lib'
libtool: install: /usr/bin/install -c .libs/libfastjetplugins.0.dylib /Users/lb8075/madanalysis5/tools/fastjet/lib/libfastjetplugins.0.dylib
libtool: install: (cd /Users/lb8075/madanalysis5/tools/fastjet/lib && { ln -s -f libfastjetplugins.0.dylib libfastjetplugins.dylib || { rm -f libfastjetplugins.dylib && ln -s libfastjetplugins.0.dylib libfastjetplugins.dylib; }; })
libtool: install: /usr/bin/install -c .libs/libfastjetplugins.lai /Users/lb8075/madanalysis5/tools/fastjet/lib/libfastjetplugins.la
libtool: install: /usr/bin/install -c .libs/libfastjetplugins.a /Users/lb8075/madanalysis5/tools/fastjet/lib/libfastjetplugins.a
libtool: install: chmod 644 /Users/lb8075/madanalysis5/tools/fastjet/lib/libfastjetplugins.a
libtool: install: ranlib /Users/lb8075/madanalysis5/tools/fastjet/lib/libfastjetplugins.a
----------------------------------------------------------------------
Libraries have been installed in:
   /Users/lb8075/madanalysis5/tools/fastjet/lib

If you ever happen to want to link against installed libraries
in a given directory, LIBDIR, you must either use libtool, and
specify the full pathname of the library, or use the `-LLIBDIR'
flag during linking and do at least one of the following:
   - add LIBDIR to the `DYLD_LIBRARY_PATH' environment variable
     during execution

See any operating system documentation about shared libraries for
more information, such as the ld(1) and ld.so(8) manual pages.
----------------------------------------------------------------------
make[3]: Nothing to be done for `install-data-am'.
Making install in tools
Making install in fastjet
Making install in tools
make[4]: Nothing to be done for `install-exec-am'.
test -z "/Users/lb8075/madanalysis5/tools/fastjet/include/fastjet/tools" || ../../.././install-sh -c -d "/Users/lb8075/madanalysis5/tools/fastjet/include/fastjet/tools"
 /usr/bin/install -c -m 644 BackgroundEstimatorBase.hh JetMedianBackgroundEstimator.hh GridMedianBackgroundEstimator.hh Transformer.hh Boost.hh Filter.hh Pruner.hh Subtractor.hh MassDropTagger.hh RestFrameNSubjettinessTagger.hh CASubJetTagger.hh JHTopTagger.hh TopTaggerBase.hh '/Users/lb8075/madanalysis5/tools/fastjet/include/fastjet/tools'
make[4]: Nothing to be done for `install-exec-am'.
make[4]: Nothing to be done for `install-data-am'.
test -z "/Users/lb8075/madanalysis5/tools/fastjet/lib" || .././install-sh -c -d "/Users/lb8075/madanalysis5/tools/fastjet/lib"
 /bin/sh ../libtool   --mode=install /usr/bin/install -c   libfastjettools.la '/Users/lb8075/madanalysis5/tools/fastjet/lib'
libtool: install: /usr/bin/install -c .libs/libfastjettools.0.dylib /Users/lb8075/madanalysis5/tools/fastjet/lib/libfastjettools.0.dylib
libtool: install: (cd /Users/lb8075/madanalysis5/tools/fastjet/lib && { ln -s -f libfastjettools.0.dylib libfastjettools.dylib || { rm -f libfastjettools.dylib && ln -s libfastjettools.0.dylib libfastjettools.dylib; }; })
libtool: install: /usr/bin/install -c .libs/libfastjettools.lai /Users/lb8075/madanalysis5/tools/fastjet/lib/libfastjettools.la
libtool: install: /usr/bin/install -c .libs/libfastjettools.a /Users/lb8075/madanalysis5/tools/fastjet/lib/libfastjettools.a
libtool: install: chmod 644 /Users/lb8075/madanalysis5/tools/fastjet/lib/libfastjettools.a
libtool: install: ranlib /Users/lb8075/madanalysis5/tools/fastjet/lib/libfastjettools.a
----------------------------------------------------------------------
Libraries have been installed in:
   /Users/lb8075/madanalysis5/tools/fastjet/lib

If you ever happen to want to link against installed libraries
in a given directory, LIBDIR, you must either use libtool, and
specify the full pathname of the library, or use the `-LLIBDIR'
flag during linking and do at least one of the following:
   - add LIBDIR to the `DYLD_LIBRARY_PATH' environment variable
     during execution

See any operating system documentation about shared libraries for
more information, such as the ld(1) and ld.so(8) manual pages.
----------------------------------------------------------------------
make[3]: Nothing to be done for `install-data-am'.
Making install in example
Making install in data
make[3]: Nothing to be done for `install-exec-am'.
make[3]: Nothing to be done for `install-data-am'.
Making install in root
make[3]: Nothing to be done for `install-exec-am'.
make[3]: Nothing to be done for `install-data-am'.
make[3]: Nothing to be done for `install-exec-am'.
make[3]: Nothing to be done for `install-data-am'.
Making install in fortran_wrapper
make[2]: Nothing to be done for `install-exec-am'.
make[2]: Nothing to be done for `install-data-am'.
Making install in doc
Making install in figs
make[3]: Nothing to be done for `install-exec-am'.
make[3]: Nothing to be done for `install-data-am'.
make[3]: Nothing to be done for `install-exec-am'.
make[3]: Nothing to be done for `install-data-am'.
test -z "/Users/lb8075/madanalysis5/tools/fastjet/bin" || ./install-sh -c -d "/Users/lb8075/madanalysis5/tools/fastjet/bin"
 /usr/bin/install -c fastjet-config '/Users/lb8075/madanalysis5/tools/fastjet/bin'
make[2]: Nothing to be done for `install-data-am'.
